app/app/build/intermediates/manifest_merge_blame_file/debug/manifest-merger-blame-debug-report.txt
1<?xml version="1.0" encoding="utf-8"?>
2<manifest xmlns:android="http://schemas.android.com/apk/res/android"
3    package="com.katouji.project_dummy"
4    android:versionCode="1"
5    android:versionName="1.0" >
6
7    <uses-sdk
8        android:minSdkVersion="19"
8-->src\main\AndroidManifest.xml
9        android:targetSdkVersion="28" />
9-->src\main\AndroidManifest.xml
10
11    <uses-permission android:name="android.permission.RECEIVE_BOOT_COMPLETED" />
11-->src\main\AndroidManifest.xml:29:5-81
11-->src\main\AndroidManifest.xml:29:22-78
12
13    <application
13-->src\main\AndroidManifest.xml:5:5-27:19
14        android:allowBackup="true"
14-->src\main\AndroidManifest.xml:6:9-35
15        android:appComponentFactory="androidx.core.app.CoreComponentFactory"
15-->[androidx.core:core:1.0.1] AndroidManifest.xml:22:18-86
16        android:debuggable="true"
17        android:icon="@mipmap/ic_launcher"
17-->src\main\AndroidManifest.xml:7:9-43
18        android:label="@string/app_name"
18-->src\main\AndroidManifest.xml:8:9-41
19        android:roundIcon="@mipmap/ic_launcher_round"
19-->src\main\AndroidManifest.xml:9:9-54
20        android:supportsRtl="true"
20-->src\main\AndroidManifest.xml:10:9-35
21        android:testOnly="true"
22        android:theme="@style/AppTheme" >
22-->src\main\AndroidManifest.xml:11:9-40
23        <activity android:name="com.katouji.project_dummy.add" />
23-->src\main\AndroidManifest.xml:12:9-50
23-->src\main\AndroidManifest.xml:12:19-38
24        <activity android:name="com.katouji.project_dummy.AboutActivity" />
24-->src\main\AndroidManifest.xml:13:9-51
24-->src\main\AndroidManifest.xml:13:19-48
25        <activity android:name="com.katouji.project_dummy.HomeActivity" />
25-->src\main\AndroidManifest.xml:14:9-50
25-->src\main\AndroidManifest.xml:14:19-47
26        <activity android:name="com.katouji.project_dummy.row" />
26-->src\main\AndroidManifest.xml:15:9-41
26-->src\main\AndroidManifest.xml:15:19-38
27        <activity android:name="com.katouji.project_dummy.MainActivity" >
27-->src\main\AndroidManifest.xml:16:9-22:20
27-->src\main\AndroidManifest.xml:16:19-47
28            <intent-filter>
28-->src\main\AndroidManifest.xml:17:13-21:29
29                <action android:name="android.intent.action.MAIN" />
29-->src\main\AndroidManifest.xml:18:17-69
29-->src\main\AndroidManifest.xml:18:25-66
30
31                <category android:name="android.intent.category.LAUNCHER" />
31-->src\main\AndroidManifest.xml:20:17-77
31-->src\main\AndroidManifest.xml:20:27-74
32            </intent-filter>
33        </activity>
34
35        <service
35-->src\main\AndroidManifest.xml:24:9-26:72
36            android:name="com.katouji.project_dummy.HomeActivity"
36-->src\main\AndroidManifest.xml:25:13-41
37            android:permission="android.permission.BIND_JOB_SERVICE" />
37-->src\main\AndroidManifest.xml:26:13-69
38    </application>
39
40</manifest>